d:\project\httpdns_demo\httpdns_demo\httpdns\release\vc143.pdb
d:\project\httpdns_demo\httpdns_demo\httpdns\release\hdns_transport.obj
d:\project\httpdns_demo\httpdns_demo\httpdns\release\hdns_string.obj
d:\project\httpdns_demo\httpdns_demo\httpdns\release\hdns_status.obj
d:\project\httpdns_demo\httpdns_demo\httpdns\release\hdns_sign.obj
d:\project\httpdns_demo\httpdns_demo\httpdns\release\hdns_session.obj
d:\project\httpdns_demo\httpdns_demo\httpdns\release\hdns_scheduler.obj
d:\project\httpdns_demo\httpdns_demo\httpdns\release\hdns_resolver.obj
d:\project\httpdns_demo\httpdns_demo\httpdns\release\hdns_net.obj
d:\project\httpdns_demo\httpdns_demo\httpdns\release\hdns_log.obj
d:\project\httpdns_demo\httpdns_demo\httpdns\release\hdns_localdns.obj
d:\project\httpdns_demo\httpdns_demo\httpdns\release\hdns_list.obj
d:\project\httpdns_demo\httpdns_demo\httpdns\release\hdns_ip.obj
d:\project\httpdns_demo\httpdns_demo\httpdns\release\hdns_http.obj
d:\project\httpdns_demo\httpdns_demo\httpdns\release\hdns_fstack.obj
d:\project\httpdns_demo\httpdns_demo\httpdns\release\hdns_file.obj
d:\project\httpdns_demo\httpdns_demo\httpdns\release\hdns_config.obj
d:\project\httpdns_demo\httpdns_demo\httpdns\release\hdns_client.obj
d:\project\httpdns_demo\httpdns_demo\httpdns\release\hdns_cache.obj
d:\project\httpdns_demo\httpdns_demo\httpdns\release\hdns_buf.obj
d:\project\httpdns_demo\httpdns_demo\httpdns\release\hdns_api.obj
d:\project\httpdns_demo\httpdns_demo\httpdns\release\hdns_utils.obj
d:\project\httpdns_demo\httpdns_demo\httpdns_demo\release\httpdns.dll
d:\project\httpdns_demo\httpdns_demo\httpdns_demo\release\httpdns.map
d:\project\httpdns_demo\httpdns_demo\httpdns_demo\release\httpdns.pdb
d:\project\httpdns_demo\httpdns_demo\httpdns\release\resource.res
d:\project\httpdns_demo\httpdns_demo\lib\httpdns.lib
d:\project\httpdns_demo\httpdns_demo\lib\httpdns.exp
d:\project\httpdns_demo\httpdns_demo\httpdns_demo\release\httpdns.ilk
d:\project\httpdns_demo\httpdns_demo\httpdns\release\httpdns.tlog\cl.command.1.tlog
d:\project\httpdns_demo\httpdns_demo\httpdns\release\httpdns.tlog\cl.items.tlog
d:\project\httpdns_demo\httpdns_demo\httpdns\release\httpdns.tlog\cl.read.1.tlog
d:\project\httpdns_demo\httpdns_demo\httpdns\release\httpdns.tlog\cl.write.1.tlog
d:\project\httpdns_demo\httpdns_demo\httpdns\release\httpdns.tlog\link.command.1.tlog
d:\project\httpdns_demo\httpdns_demo\httpdns\release\httpdns.tlog\link.read.1.tlog
d:\project\httpdns_demo\httpdns_demo\httpdns\release\httpdns.tlog\link.secondary.1.tlog
d:\project\httpdns_demo\httpdns_demo\httpdns\release\httpdns.tlog\link.write.1.tlog
d:\project\httpdns_demo\httpdns_demo\httpdns\release\httpdns.tlog\rc.command.1.tlog
d:\project\httpdns_demo\httpdns_demo\httpdns\release\httpdns.tlog\rc.read.1.tlog
d:\project\httpdns_demo\httpdns_demo\httpdns\release\httpdns.tlog\rc.write.1.tlog
