d:\project\httpdns_demo\httpdns_demo\httpdns_demo\release\vc143.pdb
d:\project\httpdns_demo\httpdns_demo\httpdns_demo\release\moc_httpdnsdemo.obj
d:\project\httpdns_demo\httpdns_demo\httpdns_demo\release\main.obj
d:\project\httpdns_demo\httpdns_demo\httpdns_demo\release\uic\ui_httpdnsdemo.h
d:\project\httpdns_demo\httpdns_demo\httpdns_demo\release\moc\moc_httpdnsdemo.cpp
d:\project\httpdns_demo\httpdns_demo\httpdns_demo\release\httpdns_demo.exe
d:\project\httpdns_demo\httpdns_demo\httpdns_demo\release\httpdns_demo.pdb
d:\project\httpdns_demo\httpdns_demo\httpdns_demo\release\httpdns_demo.ipdb
d:\project\httpdns_demo\httpdns_demo\httpdns_demo\release\httpdns_demo.iobj
d:\project\httpdns_demo\httpdns_demo\httpdns_demo\release\httpdnsdemo.obj
d:\project\httpdns_demo\httpdns_demo\httpdns_demo\release\commfunc.ilk
d:\project\httpdns_demo\httpdns_demo\httpdns_demo\release\httpdns.ilk
d:\project\httpdns_demo\httpdns_demo\httpdns_demo\release\commfunc.pdb
d:\project\httpdns_demo\httpdns_demo\httpdns_demo\release\httpdns.pdb
d:\project\httpdns_demo\httpdns_demo\httpdns_demo\release\httpdns_demo.tlog\cl.command.1.tlog
d:\project\httpdns_demo\httpdns_demo\httpdns_demo\release\httpdns_demo.tlog\cl.items.tlog
d:\project\httpdns_demo\httpdns_demo\httpdns_demo\release\httpdns_demo.tlog\cl.read.1.tlog
d:\project\httpdns_demo\httpdns_demo\httpdns_demo\release\httpdns_demo.tlog\cl.write.1.tlog
d:\project\httpdns_demo\httpdns_demo\httpdns_demo\release\httpdns_demo.tlog\httpdns_demo.write.1u.tlog
d:\project\httpdns_demo\httpdns_demo\httpdns_demo\release\httpdns_demo.tlog\link.command.1.tlog
d:\project\httpdns_demo\httpdns_demo\httpdns_demo\release\httpdns_demo.tlog\link.read.1.tlog
d:\project\httpdns_demo\httpdns_demo\httpdns_demo\release\httpdns_demo.tlog\link.secondary.1.tlog
d:\project\httpdns_demo\httpdns_demo\httpdns_demo\release\httpdns_demo.tlog\link.write.1.tlog
d:\project\httpdns_demo\httpdns_demo\httpdns_demo\release\httpdns_demo.tlog\moc.read.1u.tlog
d:\project\httpdns_demo\httpdns_demo\httpdns_demo\release\httpdns_demo.tlog\moc.write.1u.tlog
d:\project\httpdns_demo\httpdns_demo\httpdns_demo\release\httpdns_demo.tlog\uic.read.1u.tlog
d:\project\httpdns_demo\httpdns_demo\httpdns_demo\release\httpdns_demo.tlog\uic.write.1u.tlog
